-------------------------------------------------------------------------------
Test set: User Registration
-------------------------------------------------------------------------------
Tests run: 1, Failures: 0, Errors: 1, Skipped: 0, Time elapsed: 0.298 s <<< FAILURE! - in User Registration
user register Successfully with valid credentials(User Registration)  Time elapsed: 0.298 s  <<< ERROR!
java.lang.NullPointerException: Cannot invoke "org.openqa.selenium.WebDriver.findElement(org.openqa.selenium.By)" because "Core.WebConnector.driver" is null

